<?xml version="1.0" encoding="UTF-8"?>
<testsuite xmlns:xsi="http://www.w3.org/2001/XMLSchema-instance" xsi:noNamespaceSchemaLocation="https://maven.apache.org/surefire/maven-surefire-plugin/xsd/surefire-test-report-3.0.xsd" version="3.0" name="runners.TestRunner" time="3.149" tests="3" errors="0" skipped="0" failures="0">
  <properties>
[...]
</properties>
  <testcase name="runScenario[&quot;Valid login with correct credentials&quot;, &quot;Login API Scenarios&quot;](1)" classname="runners.TestRunner" time="1.878">
    <system-out><![CDATA[
Scenario: Valid login with correct credentials                              # src/test/resources/features/api_test.feature:3
  Given I set the login API endpoint                                        # stepDefinitions.Login_test_api.i_set_the_login_api_endpoint()
  And I set request body with mobile "00959751346816" and password "123456" # stepDefinitions.Login_test_api.i_set_request_body(java.lang.String,java.lang.String)
Response:
{"Code":200,"Data":"{\"ResultCode\":0,\"ResultDescription\":\"Transaction Successful\",\"TransactionId\":\"2011563605\",\"securetoken\":\"2nD3Zq3bCu\",\"agentname\":\"MR,TEST\",\"agenttype\":\"MER\",\"agentLevel\":\"ADVMERCHANT\",\"LastLogin\":\"2025-07-03 18:30:29.0\",\"WalletBalance\":\"156392.76\",\"KickBack\":\"0.0\",\"udv1\":\"\",\"AuthCode\":\"\",\"AuthCodeStatus\":false,\"TelecoNumber\":\"\",\"BuinessCategory\":\"\",\"NeedToUpdateProfile\":false,\"RegistrationStatus\":0,\"TransactionTime\":null,\"BonusPoint\":null,\"DestinationNumberWalletBalance\":null,\"Comments\":null}","Msg":"Sucess"}
  When I send the login POST request                                        # stepDefinitions.Login_test_api.i_send_login_post_request()
  Then the response status code should be 200                               # stepDefinitions.Login_test_api.validate_status_code(int)
  And the ResultCode should be 0                                            # stepDefinitions.Login_test_api.validate_result_code(int)
  And the ResultDescription should be "Transaction Successful"              # stepDefinitions.Login_test_api.validate_result_description(java.lang.String)
Secure Token: 2nD3Zq3bCu
  And I save the securetoken for reuse                                      # stepDefinitions.Login_test_api.extract_secure_token()
]]></system-out>
    <system-err><![CDATA[SLF4J: Failed to load class "org.slf4j.impl.StaticLoggerBinder".
SLF4J: Defaulting to no-operation (NOP) logger implementation
SLF4J: See http://www.slf4j.org/codes.html#StaticLoggerBinder for further details.
]]></system-err>
  </testcase>
  <testcase name="runScenario[&quot;Invalid login with wrong mobile&quot;, &quot;Login API Scenarios&quot;](2)" classname="runners.TestRunner" time="0.238">
    <system-out><![CDATA[
Scenario: Invalid login with wrong mobile                                    # src/test/resources/features/api_test.feature:12
  Given I set the login API endpoint                                         # stepDefinitions.Login_test_api.i_set_the_login_api_endpoint()
  And I set request body with mobile "009597513468160" and password "123456" # stepDefinitions.Login_test_api.i_set_request_body(java.lang.String,java.lang.String)
Response:
{"Code":200,"Data":"{\"ResultCode\":9,\"ResultDescription\":\"Client Not Found\",\"TransactionId\":\"2011563606\",\"securetoken\":\"\",\"agentname\":\"\",\"agenttype\":\"\",\"agentLevel\":\"\",\"LastLogin\":\"\",\"WalletBalance\":\"\",\"KickBack\":\"\",\"udv1\":\"\",\"AuthCode\":\"\",\"AuthCodeStatus\":false,\"TelecoNumber\":\"\",\"BuinessCategory\":\"\",\"NeedToUpdateProfile\":false,\"RegistrationStatus\":0,\"TransactionTime\":null,\"BonusPoint\":null,\"DestinationNumberWalletBalance\":null,\"Comments\":null}","Msg":"Sucess"}
  When I send the login POST request                                         # stepDefinitions.Login_test_api.i_send_login_post_request()
  Then the response status code should be 200                                # stepDefinitions.Login_test_api.validate_status_code(int)
  And the ResultCode should be 9                                             # stepDefinitions.Login_test_api.validate_result_code(int)
  And the ResultDescription should be "Client Not Found"                     # stepDefinitions.Login_test_api.validate_result_description(java.lang.String)
]]></system-out>
  </testcase>
  <testcase name="runScenario[&quot;Invalid login with wrong password&quot;, &quot;Login API Scenarios&quot;](3)" classname="runners.TestRunner" time="0.244">
    <system-out><![CDATA[
Scenario: Invalid login with wrong password                                  # src/test/resources/features/api_test.feature:20
  Given I set the login API endpoint                                         # stepDefinitions.Login_test_api.i_set_the_login_api_endpoint()
  And I set request body with mobile "00959751346816" and password "1234567" # stepDefinitions.Login_test_api.i_set_request_body(java.lang.String,java.lang.String)
Response:
{"Code":200,"Data":"{\"ResultCode\":60,\"ResultDescription\":\"Invalid PIN\",\"TransactionId\":\"2011563607\",\"securetoken\":\"\",\"agentname\":\"\",\"agenttype\":\"\",\"agentLevel\":\"\",\"LastLogin\":\"\",\"WalletBalance\":\"\",\"KickBack\":\"\",\"udv1\":\"\",\"AuthCode\":\"\",\"AuthCodeStatus\":false,\"TelecoNumber\":\"\",\"BuinessCategory\":\"\",\"NeedToUpdateProfile\":false,\"RegistrationStatus\":0,\"TransactionTime\":null,\"BonusPoint\":null,\"DestinationNumberWalletBalance\":null,\"Comments\":null}","Msg":"Sucess"}
  When I send the login POST request                                         # stepDefinitions.Login_test_api.i_send_login_post_request()
  Then the response status code should be 200                                # stepDefinitions.Login_test_api.validate_status_code(int)
  And the ResultCode should be 60                                            # stepDefinitions.Login_test_api.validate_result_code(int)
  And the ResultDescription should be "Invalid PIN"                          # stepDefinitions.Login_test_api.validate_result_description(java.lang.String)
]]></system-out>
  </testcase>
</testsuite>