<?xml version="1.0" encoding="UTF-8"?>
<testng-results ignored="0" total="3" passed="3" failed="0" skipped="0">
  <reporter-output>
  </reporter-output>
  <suite started-at="2025-07-03T18:44:29 IST" name="Surefire suite" finished-at="2025-07-03T18:44:32 IST" duration-ms="2772">
    <groups>
      <group name="cucumber">
        <method signature="AbstractTestNGCucumberTests.runScenario(io.cucumber.testng.PickleWrapper,io.cucumber.testng.FeatureWrapper)[pri:0, instance:runners.TestRunner@149e0f5d]" name="runScenario" class="io.cucumber.testng.AbstractTestNGCucumberTests"/>
      </group> <!-- cucumber -->
    </groups>
    <test started-at="2025-07-03T18:44:29 IST" name="Surefire test" finished-at="2025-07-03T18:44:32 IST" duration-ms="2772">
      <class name="runners.TestRunner">
        <test-method is-config="true" signature="setUpClass(org.testng.ITestContext)[pri:0, instance:runners.TestRunner@149e0f5d]" started-at="2025-07-03T18:44:29 IST" name="setUpClass" finished-at="2025-07-03T18:44:29 IST" duration-ms="359" status="PASS">
          <params>
            <param index="0">
              <value>
                <![CDATA[org.testng.TestRunner@402f8592]]>
              </value>
            </param>
          </params>
          <reporter-output>
          </reporter-output>
        </test-method> <!-- setUpClass -->
        <test-method signature="runScenario(io.cucumber.testng.PickleWrapper,io.cucumber.testng.FeatureWrapper)[pri:0, instance:runners.TestRunner@149e0f5d]" started-at="2025-07-03T18:44:29 IST" name="runScenario" description="Runs Cucumber Scenarios" data-provider="scenarios" finished-at="2025-07-03T18:44:31 IST" duration-ms="1878" status="PASS">
          <params>
            <param index="0">
              <value>
                <![CDATA["Valid login with correct credentials"]]>
              </value>
            </param>
            <param index="1">
              <value>
                <![CDATA["Login API Scenarios"]]>
              </value>
            </param>
          </params>
          <reporter-output>
          </reporter-output>
        </test-method> <!-- runScenario -->
        <test-method signature="runScenario(io.cucumber.testng.PickleWrapper,io.cucumber.testng.FeatureWrapper)[pri:0, instance:runners.TestRunner@149e0f5d]" started-at="2025-07-03T18:44:31 IST" name="runScenario" description="Runs Cucumber Scenarios" data-provider="scenarios" finished-at="2025-07-03T18:44:31 IST" duration-ms="238" status="PASS">
          <params>
            <param index="0">
              <value>
                <![CDATA["Invalid login with wrong mobile"]]>
              </value>
            </param>
            <param index="1">
              <value>
                <![CDATA["Login API Scenarios"]]>
              </value>
            </param>
          </params>
          <reporter-output>
          </reporter-output>
        </test-method> <!-- runScenario -->
        <test-method signature="runScenario(io.cucumber.testng.PickleWrapper,io.cucumber.testng.FeatureWrapper)[pri:0, instance:runners.TestRunner@149e0f5d]" started-at="2025-07-03T18:44:31 IST" name="runScenario" description="Runs Cucumber Scenarios" data-provider="scenarios" finished-at="2025-07-03T18:44:32 IST" duration-ms="244" status="PASS">
          <params>
            <param index="0">
              <value>
                <![CDATA["Invalid login with wrong password"]]>
              </value>
            </param>
            <param index="1">
              <value>
                <![CDATA["Login API Scenarios"]]>
              </value>
            </param>
          </params>
          <reporter-output>
          </reporter-output>
        </test-method> <!-- runScenario -->
        <test-method is-config="true" signature="tearDownClass()[pri:0, instance:runners.TestRunner@149e0f5d]" started-at="2025-07-03T18:44:32 IST" name="tearDownClass" finished-at="2025-07-03T18:44:32 IST" duration-ms="23" status="PASS">
          <reporter-output>
          </reporter-output>
        </test-method> <!-- tearDownClass -->
      </class> <!-- runners.TestRunner -->
    </test> <!-- Surefire test -->
  </suite> <!-- Surefire suite -->
</testng-results>
